<?xml version="1.0" encoding="UTF-8"?>
<!-- Generated by org.testng.reporters.JUnitReportReporter -->
<testsuite hostname="AFSWW4VE0Z4NSO" failures="0" tests="1" name="com.inetBanking.testCases.TC_AddCustomer_002" time="21.721" errors="0" timestamp="2021-07-26T21:08:40 EDT" skipped="0">
  <testcase classname="com.inetBanking.testCases.TC_AddCustomer_002" name="AddCustomer" time="21.721"/>
  <system-out/>
</testsuite> <!-- com.inetBanking.testCases.TC_AddCustomer_002 -->
