<?xml version="1.0" encoding="UTF-8"?>
<!-- Generated by org.testng.reporters.JUnitReportReporter -->
<testsuite hostname="AFSWW4VE0Z4NSO" failures="0" tests="1" name="com.inetBanking.testCases.TC_LoginTest_001" time="3.056" errors="0" timestamp="2021-07-26T11:13:03 EDT" skipped="0">
  <testcase classname="com.inetBanking.testCases.TC_LoginTest_001" name="loginTest" time="3.056"/>
  <system-out/>
</testsuite> <!-- com.inetBanking.testCases.TC_LoginTest_001 -->
